<?xml version="1.0" encoding="UTF-8"?>
<testng-results ignored="1" total="2" passed="0" failed="1" skipped="0">
  <reporter-output>
  </reporter-output>
  <suite started-at="2021-06-28T12:27:47Z" name="Default suite" finished-at="2021-06-28T12:27:48Z" duration-ms="984">
    <groups>
    </groups>
    <test started-at="2021-06-28T12:27:47Z" name="Default test" finished-at="2021-06-28T12:27:48Z" duration-ms="984">
      <class name="testingil.unittesting.examples.s02.d04.characterization.CalculatorDisplayTests">
        <test-method is-config="true" signature="setup()[pri:0, instance:testingil.unittesting.examples.s02.d04.characterization.CalculatorDisplayTests@21b2e768]" started-at="2021-06-28T15:27:47Z" name="setup" finished-at="2021-06-28T15:27:47Z" duration-ms="8" status="PASS">
          <reporter-output>
          </reporter-output>
        </test-method> <!-- setup -->
        <test-method signature="ComplexOperationsTest()[pri:0, instance:testingil.unittesting.examples.s02.d04.characterization.CalculatorDisplayTests@21b2e768]" started-at="2021-06-28T15:27:47Z" name="ComplexOperationsTest" finished-at="2021-06-28T15:27:48Z" duration-ms="961" status="FAIL">
          <exception class="java.lang.Error">
            <message>
              <![CDATA[Failed Approval
  Approved:C:\Users\Gil\Documents\GitHub\unit-testing-java\.\src\test\java\testingil\unittesting\examples\s02\d04\characterization\CalculatorDisplayTests.ComplexOperationsTest.approved.txt
  Received:C:\Users\Gil\Documents\GitHub\unit-testing-java\.\src\test\java\testingil\unittesting\examples\s02\d04\characterization\CalculatorDisplayTests.ComplexOperationsTest.received.txt]]>
            </message>
            <full-stacktrace>
              <![CDATA[java.lang.Error: Failed Approval
  Approved:C:\Users\Gil\Documents\GitHub\unit-testing-java\.\src\test\java\testingil\unittesting\examples\s02\d04\characterization\CalculatorDisplayTests.ComplexOperationsTest.approved.txt
  Received:C:\Users\Gil\Documents\GitHub\unit-testing-java\.\src\test\java\testingil\unittesting\examples\s02\d04\characterization\CalculatorDisplayTests.ComplexOperationsTest.received.txt
	at org.approvaltests.approvers.FileApprover.fail(FileApprover.java:58)
	at org.approvaltests.Approvals.verify(Approvals.java:216)
	at org.approvaltests.Approvals.verify(Approvals.java:171)
	at org.approvaltests.Approvals.verify(Approvals.java:179)
	at org.approvaltests.Approvals.verify(Approvals.java:55)
	at org.approvaltests.Approvals.verify(Approvals.java:51)
	at testingil.unittesting.examples.s02.d04.characterization.CalculatorDisplayTests.ComplexOperationsTest(CalculatorDisplayTests.java:28)
	at java.base/jdk.internal.reflect.NativeMethodAccessorImpl.invoke0(Native Method)
	at java.base/jdk.internal.reflect.NativeMethodAccessorImpl.invoke(NativeMethodAccessorImpl.java:62)
	at java.base/jdk.internal.reflect.DelegatingMethodAccessorImpl.invoke(DelegatingMethodAccessorImpl.java:43)
	at java.base/java.lang.reflect.Method.invoke(Method.java:566)
	at org.testng.internal.MethodInvocationHelper.invokeMethod(MethodInvocationHelper.java:104)
	at org.testng.internal.Invoker.invokeMethod(Invoker.java:645)
	at org.testng.internal.Invoker.invokeTestMethod(Invoker.java:851)
	at org.testng.internal.Invoker.invokeTestMethods(Invoker.java:1177)
	at org.testng.internal.TestMethodWorker.invokeTestMethods(TestMethodWorker.java:129)
	at org.testng.internal.TestMethodWorker.run(TestMethodWorker.java:112)
	at org.testng.TestRunner.privateRun(TestRunner.java:756)
	at org.testng.TestRunner.run(TestRunner.java:610)
	at org.testng.SuiteRunner.runTest(SuiteRunner.java:387)
	at org.testng.SuiteRunner.runSequentially(SuiteRunner.java:382)
	at org.testng.SuiteRunner.privateRun(SuiteRunner.java:340)
	at org.testng.SuiteRunner.run(SuiteRunner.java:289)
	at org.testng.SuiteRunnerWorker.runSuite(SuiteRunnerWorker.java:52)
	at org.testng.SuiteRunnerWorker.run(SuiteRunnerWorker.java:86)
	at org.testng.TestNG.runSuitesSequentially(TestNG.java:1293)
	at org.testng.TestNG.runSuitesLocally(TestNG.java:1218)
	at org.testng.TestNG.runSuites(TestNG.java:1133)
	at org.testng.TestNG.run(TestNG.java:1104)
	at org.testng.remote.AbstractRemoteTestNG.run(AbstractRemoteTestNG.java:132)
	at org.testng.remote.RemoteTestNG.initAndRun(RemoteTestNG.java:236)
	at org.testng.remote.RemoteTestNG.main(RemoteTestNG.java:81)
]]>
            </full-stacktrace>
          </exception> <!-- java.lang.Error -->
          <reporter-output>
          </reporter-output>
        </test-method> <!-- ComplexOperationsTest -->
      </class> <!-- testingil.unittesting.examples.s02.d04.characterization.CalculatorDisplayTests -->
    </test> <!-- Default test -->
  </suite> <!-- Default suite -->
</testng-results>
