<?xml version="1.0" encoding="UTF-8"?>
<testng-results ignored="0" total="1" passed="1" failed="0" skipped="0">
  <reporter-output>
  </reporter-output>
  <suite started-at="2021-06-28T09:41:29Z" name="Default suite" finished-at="2021-06-28T09:41:29Z" duration-ms="28">
    <groups>
    </groups>
    <test started-at="2021-06-28T09:41:29Z" name="Default test" finished-at="2021-06-28T09:41:29Z" duration-ms="28">
      <class name="testingil.unittesting.examples.s01.e02.factorial.FactorialTests">
        <test-method signature="factorials()[pri:0, instance:testingil.unittesting.examples.s01.e02.factorial.FactorialTests@15ca7889]" started-at="2021-06-28T12:41:29Z" name="factorials" finished-at="2021-06-28T12:41:29Z" duration-ms="10" status="PASS">
          <reporter-output>
          </reporter-output>
        </test-method> <!-- factorials -->
      </class> <!-- testingil.unittesting.examples.s01.e02.factorial.FactorialTests -->
    </test> <!-- Default test -->
  </suite> <!-- Default suite -->
</testng-results>
